[INFO  - 2019-10-09T07:28:41.742Z] GhostDriver - Main - running on port 40748
[INFO  - 2019-10-09T07:28:42.015Z] Session [6b590270-ea66-11e9-8ea7-4d77478a6fc9] - page.settings - {"XSSAuditingEnabled":false,"javascriptCanCloseWindows":true,"javascriptCanOpenWindows":true,"javascriptEnabled":true,"loadImages":true,"localToRemoteUrlAccessEnabled":false,"userAgent":"Mozilla/5.0 (Windows NT 6.2; WOW64) AppleWebKit/538.1 (KHTML, like Gecko) PhantomJS/2.1.1 Safari/538.1","webSecurityEnabled":true}
[INFO  - 2019-10-09T07:28:42.016Z] Session [6b590270-ea66-11e9-8ea7-4d77478a6fc9] - page.customHeaders:  - {}
[INFO  - 2019-10-09T07:28:42.016Z] Session [6b590270-ea66-11e9-8ea7-4d77478a6fc9] - Session.negotiatedCapabilities - {"browserName":"phantomjs","version":"2.1.1","driverName":"ghostdriver","driverVersion":"1.2.0","platform":"windows-10-32bit","javascriptEnabled":true,"takesScreenshot":true,"handlesAlerts":false,"databaseEnabled":false,"locationContextEnabled":false,"applicationCacheEnabled":false,"browserConnectionEnabled":false,"cssSelectorsEnabled":true,"webStorageEnabled":false,"rotatable":false,"acceptSslCerts":false,"nativeEvents":true,"proxy":{"proxyType":"direct"}}
[INFO  - 2019-10-09T07:28:42.017Z] SessionManagerReqHand - _postNewSessionCommand - New Session Created: 6b590270-ea66-11e9-8ea7-4d77478a6fc9
[INFO  - 2019-10-09T07:28:52.658Z] ShutdownReqHand - _handle - About to shutdown
[INFO  - 2019-10-09T09:08:58.541Z] GhostDriver - Main - running on port 27895
[INFO  - 2019-10-09T09:08:59.088Z] Session [6dcdcaa0-ea74-11e9-9c25-a760b7964ac7] - page.settings - {"XSSAuditingEnabled":false,"javascriptCanCloseWindows":true,"javascriptCanOpenWindows":true,"javascriptEnabled":true,"loadImages":true,"localToRemoteUrlAccessEnabled":false,"userAgent":"Mozilla/5.0 (Windows NT 6.2; WOW64) AppleWebKit/538.1 (KHTML, like Gecko) PhantomJS/2.1.1 Safari/538.1","webSecurityEnabled":true}
[INFO  - 2019-10-09T09:08:59.088Z] Session [6dcdcaa0-ea74-11e9-9c25-a760b7964ac7] - page.customHeaders:  - {}
[INFO  - 2019-10-09T09:08:59.089Z] Session [6dcdcaa0-ea74-11e9-9c25-a760b7964ac7] - Session.negotiatedCapabilities - {"browserName":"phantomjs","version":"2.1.1","driverName":"ghostdriver","driverVersion":"1.2.0","platform":"windows-10-32bit","javascriptEnabled":true,"takesScreenshot":true,"handlesAlerts":false,"databaseEnabled":false,"locationContextEnabled":false,"applicationCacheEnabled":false,"browserConnectionEnabled":false,"cssSelectorsEnabled":true,"webStorageEnabled":false,"rotatable":false,"acceptSslCerts":false,"nativeEvents":true,"proxy":{"proxyType":"direct"}}
[INFO  - 2019-10-09T09:08:59.089Z] SessionManagerReqHand - _postNewSessionCommand - New Session Created: 6dcdcaa0-ea74-11e9-9c25-a760b7964ac7
[INFO  - 2019-10-09T09:11:37.037Z] GhostDriver - Main - running on port 32795
[INFO  - 2019-10-09T09:11:37.593Z] Session [cc47e340-ea74-11e9-9a43-8db3b9b05579] - page.settings - {"XSSAuditingEnabled":false,"javascriptCanCloseWindows":true,"javascriptCanOpenWindows":true,"javascriptEnabled":true,"loadImages":true,"localToRemoteUrlAccessEnabled":false,"userAgent":"Mozilla/5.0 (Windows NT 6.2; WOW64) AppleWebKit/538.1 (KHTML, like Gecko) PhantomJS/2.1.1 Safari/538.1","webSecurityEnabled":true}
[INFO  - 2019-10-09T09:11:37.593Z] Session [cc47e340-ea74-11e9-9a43-8db3b9b05579] - page.customHeaders:  - {}
[INFO  - 2019-10-09T09:11:37.593Z] Session [cc47e340-ea74-11e9-9a43-8db3b9b05579] - Session.negotiatedCapabilities - {"browserName":"phantomjs","version":"2.1.1","driverName":"ghostdriver","driverVersion":"1.2.0","platform":"windows-10-32bit","javascriptEnabled":true,"takesScreenshot":true,"handlesAlerts":false,"databaseEnabled":false,"locationContextEnabled":false,"applicationCacheEnabled":false,"browserConnectionEnabled":false,"cssSelectorsEnabled":true,"webStorageEnabled":false,"rotatable":false,"acceptSslCerts":false,"nativeEvents":true,"proxy":{"proxyType":"direct"}}
[INFO  - 2019-10-09T09:11:37.594Z] SessionManagerReqHand - _postNewSessionCommand - New Session Created: cc47e340-ea74-11e9-9a43-8db3b9b05579
[INFO  - 2019-10-09T09:13:32.203Z] GhostDriver - Main - running on port 14888
[INFO  - 2019-10-09T09:13:32.840Z] Session [10f90820-ea75-11e9-87a3-8931bdaac361] - page.settings - {"XSSAuditingEnabled":false,"javascriptCanCloseWindows":true,"javascriptCanOpenWindows":true,"javascriptEnabled":true,"loadImages":true,"localToRemoteUrlAccessEnabled":false,"userAgent":"Mozilla/5.0 (Windows NT 6.2; WOW64) AppleWebKit/538.1 (KHTML, like Gecko) PhantomJS/2.1.1 Safari/538.1","webSecurityEnabled":true}
[INFO  - 2019-10-09T09:13:32.840Z] Session [10f90820-ea75-11e9-87a3-8931bdaac361] - page.customHeaders:  - {}
[INFO  - 2019-10-09T09:13:32.840Z] Session [10f90820-ea75-11e9-87a3-8931bdaac361] - Session.negotiatedCapabilities - {"browserName":"phantomjs","version":"2.1.1","driverName":"ghostdriver","driverVersion":"1.2.0","platform":"windows-10-32bit","javascriptEnabled":true,"takesScreenshot":true,"handlesAlerts":false,"databaseEnabled":false,"locationContextEnabled":false,"applicationCacheEnabled":false,"browserConnectionEnabled":false,"cssSelectorsEnabled":true,"webStorageEnabled":false,"rotatable":false,"acceptSslCerts":false,"nativeEvents":true,"proxy":{"proxyType":"direct"}}
[INFO  - 2019-10-09T09:13:32.840Z] SessionManagerReqHand - _postNewSessionCommand - New Session Created: 10f90820-ea75-11e9-87a3-8931bdaac361
[INFO  - 2019-10-09T10:16:16.989Z] GhostDriver - Main - running on port 35007
[INFO  - 2019-10-09T10:16:17.551Z] Session [d4ea5790-ea7d-11e9-a746-95bd14dff792] - page.settings - {"XSSAuditingEnabled":false,"javascriptCanCloseWindows":true,"javascriptCanOpenWindows":true,"javascriptEnabled":true,"loadImages":true,"localToRemoteUrlAccessEnabled":false,"userAgent":"Mozilla/5.0 (Windows NT 6.2; WOW64) AppleWebKit/538.1 (KHTML, like Gecko) PhantomJS/2.1.1 Safari/538.1","webSecurityEnabled":true}
[INFO  - 2019-10-09T10:16:17.551Z] Session [d4ea5790-ea7d-11e9-a746-95bd14dff792] - page.customHeaders:  - {}
[INFO  - 2019-10-09T10:16:17.551Z] Session [d4ea5790-ea7d-11e9-a746-95bd14dff792] - Session.negotiatedCapabilities - {"browserName":"phantomjs","version":"2.1.1","driverName":"ghostdriver","driverVersion":"1.2.0","platform":"windows-10-32bit","javascriptEnabled":true,"takesScreenshot":true,"handlesAlerts":false,"databaseEnabled":false,"locationContextEnabled":false,"applicationCacheEnabled":false,"browserConnectionEnabled":false,"cssSelectorsEnabled":true,"webStorageEnabled":false,"rotatable":false,"acceptSslCerts":false,"nativeEvents":true,"proxy":{"proxyType":"direct"}}
[INFO  - 2019-10-09T10:16:17.551Z] SessionManagerReqHand - _postNewSessionCommand - New Session Created: d4ea5790-ea7d-11e9-a746-95bd14dff792
[INFO  - 2019-10-09T10:21:51.005Z] GhostDriver - Main - running on port 18633
[INFO  - 2019-10-09T10:21:51.619Z] Session [9c0912d0-ea7e-11e9-878d-69f944ab921a] - page.settings - {"XSSAuditingEnabled":false,"javascriptCanCloseWindows":true,"javascriptCanOpenWindows":true,"javascriptEnabled":true,"loadImages":true,"localToRemoteUrlAccessEnabled":false,"userAgent":"Mozilla/5.0 (Windows NT 6.2; WOW64) AppleWebKit/538.1 (KHTML, like Gecko) PhantomJS/2.1.1 Safari/538.1","webSecurityEnabled":true}
[INFO  - 2019-10-09T10:21:51.619Z] Session [9c0912d0-ea7e-11e9-878d-69f944ab921a] - page.customHeaders:  - {}
[INFO  - 2019-10-09T10:21:51.619Z] Session [9c0912d0-ea7e-11e9-878d-69f944ab921a] - Session.negotiatedCapabilities - {"browserName":"phantomjs","version":"2.1.1","driverName":"ghostdriver","driverVersion":"1.2.0","platform":"windows-10-32bit","javascriptEnabled":true,"takesScreenshot":true,"handlesAlerts":false,"databaseEnabled":false,"locationContextEnabled":false,"applicationCacheEnabled":false,"browserConnectionEnabled":false,"cssSelectorsEnabled":true,"webStorageEnabled":false,"rotatable":false,"acceptSslCerts":false,"nativeEvents":true,"proxy":{"proxyType":"direct"}}
[INFO  - 2019-10-09T10:21:51.620Z] SessionManagerReqHand - _postNewSessionCommand - New Session Created: 9c0912d0-ea7e-11e9-878d-69f944ab921a
[INFO  - 2019-10-09T10:22:14.504Z] GhostDriver - Main - running on port 64747
[INFO  - 2019-10-09T10:22:15.370Z] Session [aa2f5b80-ea7e-11e9-8ce5-5be14955d440] - page.settings - {"XSSAuditingEnabled":false,"javascriptCanCloseWindows":true,"javascriptCanOpenWindows":true,"javascriptEnabled":true,"loadImages":true,"localToRemoteUrlAccessEnabled":false,"userAgent":"Mozilla/5.0 (Windows NT 6.2; WOW64) AppleWebKit/538.1 (KHTML, like Gecko) PhantomJS/2.1.1 Safari/538.1","webSecurityEnabled":true}
[INFO  - 2019-10-09T10:22:15.370Z] Session [aa2f5b80-ea7e-11e9-8ce5-5be14955d440] - page.customHeaders:  - {}
[INFO  - 2019-10-09T10:22:15.371Z] Session [aa2f5b80-ea7e-11e9-8ce5-5be14955d440] - Session.negotiatedCapabilities - {"browserName":"phantomjs","version":"2.1.1","driverName":"ghostdriver","driverVersion":"1.2.0","platform":"windows-10-32bit","javascriptEnabled":true,"takesScreenshot":true,"handlesAlerts":false,"databaseEnabled":false,"locationContextEnabled":false,"applicationCacheEnabled":false,"browserConnectionEnabled":false,"cssSelectorsEnabled":true,"webStorageEnabled":false,"rotatable":false,"acceptSslCerts":false,"nativeEvents":true,"proxy":{"proxyType":"direct"}}
[INFO  - 2019-10-09T10:22:15.371Z] SessionManagerReqHand - _postNewSessionCommand - New Session Created: aa2f5b80-ea7e-11e9-8ce5-5be14955d440
[INFO  - 2019-10-09T10:22:37.055Z] GhostDriver - Main - running on port 25573
[INFO  - 2019-10-09T10:22:37.477Z] Session [b75dd6b0-ea7e-11e9-85ec-29710f2108af] - page.settings - {"XSSAuditingEnabled":false,"javascriptCanCloseWindows":true,"javascriptCanOpenWindows":true,"javascriptEnabled":true,"loadImages":true,"localToRemoteUrlAccessEnabled":false,"userAgent":"Mozilla/5.0 (Windows NT 6.2; WOW64) AppleWebKit/538.1 (KHTML, like Gecko) PhantomJS/2.1.1 Safari/538.1","webSecurityEnabled":true}
[INFO  - 2019-10-09T10:22:37.477Z] Session [b75dd6b0-ea7e-11e9-85ec-29710f2108af] - page.customHeaders:  - {}
[INFO  - 2019-10-09T10:22:37.478Z] Session [b75dd6b0-ea7e-11e9-85ec-29710f2108af] - Session.negotiatedCapabilities - {"browserName":"phantomjs","version":"2.1.1","driverName":"ghostdriver","driverVersion":"1.2.0","platform":"windows-10-32bit","javascriptEnabled":true,"takesScreenshot":true,"handlesAlerts":false,"databaseEnabled":false,"locationContextEnabled":false,"applicationCacheEnabled":false,"browserConnectionEnabled":false,"cssSelectorsEnabled":true,"webStorageEnabled":false,"rotatable":false,"acceptSslCerts":false,"nativeEvents":true,"proxy":{"proxyType":"direct"}}
[INFO  - 2019-10-09T10:22:37.478Z] SessionManagerReqHand - _postNewSessionCommand - New Session Created: b75dd6b0-ea7e-11e9-85ec-29710f2108af
[INFO  - 2019-10-09T10:22:59.422Z] GhostDriver - Main - running on port 8464
[INFO  - 2019-10-09T10:22:59.855Z] Session [c4b33ad0-ea7e-11e9-91cc-6b581fd07c2e] - page.settings - {"XSSAuditingEnabled":false,"javascriptCanCloseWindows":true,"javascriptCanOpenWindows":true,"javascriptEnabled":true,"loadImages":true,"localToRemoteUrlAccessEnabled":false,"userAgent":"Mozilla/5.0 (Windows NT 6.2; WOW64) AppleWebKit/538.1 (KHTML, like Gecko) PhantomJS/2.1.1 Safari/538.1","webSecurityEnabled":true}
[INFO  - 2019-10-09T10:22:59.856Z] Session [c4b33ad0-ea7e-11e9-91cc-6b581fd07c2e] - page.customHeaders:  - {}
[INFO  - 2019-10-09T10:22:59.856Z] Session [c4b33ad0-ea7e-11e9-91cc-6b581fd07c2e] - Session.negotiatedCapabilities - {"browserName":"phantomjs","version":"2.1.1","driverName":"ghostdriver","driverVersion":"1.2.0","platform":"windows-10-32bit","javascriptEnabled":true,"takesScreenshot":true,"handlesAlerts":false,"databaseEnabled":false,"locationContextEnabled":false,"applicationCacheEnabled":false,"browserConnectionEnabled":false,"cssSelectorsEnabled":true,"webStorageEnabled":false,"rotatable":false,"acceptSslCerts":false,"nativeEvents":true,"proxy":{"proxyType":"direct"}}
[INFO  - 2019-10-09T10:22:59.857Z] SessionManagerReqHand - _postNewSessionCommand - New Session Created: c4b33ad0-ea7e-11e9-91cc-6b581fd07c2e
[INFO  - 2019-10-09T10:45:37.303Z] GhostDriver - Main - running on port 37900
[INFO  - 2019-10-09T10:45:37.935Z] Session [ee2fc6a0-ea81-11e9-aeb2-a5671c4b51ef] - page.settings - {"XSSAuditingEnabled":false,"javascriptCanCloseWindows":true,"javascriptCanOpenWindows":true,"javascriptEnabled":true,"loadImages":true,"localToRemoteUrlAccessEnabled":false,"userAgent":"Mozilla/5.0 (Windows NT 6.2; WOW64) AppleWebKit/538.1 (KHTML, like Gecko) PhantomJS/2.1.1 Safari/538.1","webSecurityEnabled":true}
[INFO  - 2019-10-09T10:45:37.936Z] Session [ee2fc6a0-ea81-11e9-aeb2-a5671c4b51ef] - page.customHeaders:  - {}
[INFO  - 2019-10-09T10:45:37.936Z] Session [ee2fc6a0-ea81-11e9-aeb2-a5671c4b51ef] - Session.negotiatedCapabilities - {"browserName":"phantomjs","version":"2.1.1","driverName":"ghostdriver","driverVersion":"1.2.0","platform":"windows-10-32bit","javascriptEnabled":true,"takesScreenshot":true,"handlesAlerts":false,"databaseEnabled":false,"locationContextEnabled":false,"applicationCacheEnabled":false,"browserConnectionEnabled":false,"cssSelectorsEnabled":true,"webStorageEnabled":false,"rotatable":false,"acceptSslCerts":false,"nativeEvents":true,"proxy":{"proxyType":"direct"}}
[INFO  - 2019-10-09T10:45:37.936Z] SessionManagerReqHand - _postNewSessionCommand - New Session Created: ee2fc6a0-ea81-11e9-aeb2-a5671c4b51ef
[INFO  - 2019-10-09T10:45:57.540Z] GhostDriver - Main - running on port 10855
[INFO  - 2019-10-09T10:45:57.983Z] Session [fa21a320-ea81-11e9-b3dc-4752f47fd3b4] - page.settings - {"XSSAuditingEnabled":false,"javascriptCanCloseWindows":true,"javascriptCanOpenWindows":true,"javascriptEnabled":true,"loadImages":true,"localToRemoteUrlAccessEnabled":false,"userAgent":"Mozilla/5.0 (Windows NT 6.2; WOW64) AppleWebKit/538.1 (KHTML, like Gecko) PhantomJS/2.1.1 Safari/538.1","webSecurityEnabled":true}
[INFO  - 2019-10-09T10:45:57.983Z] Session [fa21a320-ea81-11e9-b3dc-4752f47fd3b4] - page.customHeaders:  - {}
[INFO  - 2019-10-09T10:45:57.983Z] Session [fa21a320-ea81-11e9-b3dc-4752f47fd3b4] - Session.negotiatedCapabilities - {"browserName":"phantomjs","version":"2.1.1","driverName":"ghostdriver","driverVersion":"1.2.0","platform":"windows-10-32bit","javascriptEnabled":true,"takesScreenshot":true,"handlesAlerts":false,"databaseEnabled":false,"locationContextEnabled":false,"applicationCacheEnabled":false,"browserConnectionEnabled":false,"cssSelectorsEnabled":true,"webStorageEnabled":false,"rotatable":false,"acceptSslCerts":false,"nativeEvents":true,"proxy":{"proxyType":"direct"}}
[INFO  - 2019-10-09T10:45:57.984Z] SessionManagerReqHand - _postNewSessionCommand - New Session Created: fa21a320-ea81-11e9-b3dc-4752f47fd3b4
[INFO  - 2019-10-10T02:09:31.484Z] GhostDriver - Main - running on port 52208
[INFO  - 2019-10-10T02:09:32.096Z] Session [ff8578b0-eb02-11e9-a7ab-a9164327e12f] - page.settings - {"XSSAuditingEnabled":false,"javascriptCanCloseWindows":true,"javascriptCanOpenWindows":true,"javascriptEnabled":true,"loadImages":true,"localToRemoteUrlAccessEnabled":false,"userAgent":"Mozilla/5.0 (Windows NT 6.2; WOW64) AppleWebKit/538.1 (KHTML, like Gecko) PhantomJS/2.1.1 Safari/538.1","webSecurityEnabled":true}
[INFO  - 2019-10-10T02:09:32.096Z] Session [ff8578b0-eb02-11e9-a7ab-a9164327e12f] - page.customHeaders:  - {}
[INFO  - 2019-10-10T02:09:32.096Z] Session [ff8578b0-eb02-11e9-a7ab-a9164327e12f] - Session.negotiatedCapabilities - {"browserName":"phantomjs","version":"2.1.1","driverName":"ghostdriver","driverVersion":"1.2.0","platform":"windows-10-32bit","javascriptEnabled":true,"takesScreenshot":true,"handlesAlerts":false,"databaseEnabled":false,"locationContextEnabled":false,"applicationCacheEnabled":false,"browserConnectionEnabled":false,"cssSelectorsEnabled":true,"webStorageEnabled":false,"rotatable":false,"acceptSslCerts":false,"nativeEvents":true,"proxy":{"proxyType":"direct"}}
[INFO  - 2019-10-10T02:09:32.096Z] SessionManagerReqHand - _postNewSessionCommand - New Session Created: ff8578b0-eb02-11e9-a7ab-a9164327e12f
[ERROR - 2019-10-10T02:09:33.965Z] Session [ff8578b0-eb02-11e9-a7ab-a9164327e12f] - page.onError - msg: TypeError: undefined is not a constructor (evaluating 'Object.assign(o,t.csdn.sideToolbar)')
[ERROR - 2019-10-10T02:09:33.965Z] Session [ff8578b0-eb02-11e9-a7ab-a9164327e12f] - page.onError - stack:
  (anonymous function) (https://g.csdnimg.cn/side-toolbar/1.2/side-toolbar.js:1)
[ERROR - 2019-10-10T02:09:34.909Z] Session [ff8578b0-eb02-11e9-a7ab-a9164327e12f] - page.onError - msg: TypeError: undefined is not a constructor (evaluating 'Number.parseInt(feedlist.views)')
[ERROR - 2019-10-10T02:09:34.909Z] Session [ff8578b0-eb02-11e9-a7ab-a9164327e12f] - page.onError - stack:
  (anonymous function) (https://blog.csdn.net/js/csdn_feed.min.js?1570601925:1)
  each (https://csdnimg.cn/public/common/libs/jquery/jquery-1.9.1.min.js:3)
  getList (https://blog.csdn.net/js/csdn_feed.min.js?1570601925:1)
  success (https://blog.csdn.net/js/csdn_feed.min.js?1570601925:1)
  c (https://csdnimg.cn/public/common/libs/jquery/jquery-1.9.1.min.js:3)
  fireWith (https://csdnimg.cn/public/common/libs/jquery/jquery-1.9.1.min.js:3)
  k (https://csdnimg.cn/public/common/libs/jquery/jquery-1.9.1.min.js:5)
  r (https://csdnimg.cn/public/common/libs/jquery/jquery-1.9.1.min.js:5)
  n (https://blog.csdn.net/js/tingyun-rum-feed.js?v=20181030:1)
  r (https://blog.csdn.net/js/tingyun-rum-feed.js?v=20181030:1)
[INFO  - 2019-10-10T02:09:39.060Z] GhostDriver - Main - running on port 30034
[INFO  - 2019-10-10T02:09:39.222Z] GhostDriver - Main - running on port 20986
[INFO  - 2019-10-10T02:09:40.212Z] Session [045b6ac0-eb03-11e9-99c3-e7d4ca2dd301] - page.settings - {"XSSAuditingEnabled":false,"javascriptCanCloseWindows":true,"javascriptCanOpenWindows":true,"javascriptEnabled":true,"loadImages":true,"localToRemoteUrlAccessEnabled":false,"userAgent":"Mozilla/5.0 (Windows NT 6.2; WOW64) AppleWebKit/538.1 (KHTML, like Gecko) PhantomJS/2.1.1 Safari/538.1","webSecurityEnabled":true}
[INFO  - 2019-10-10T02:09:40.212Z] Session [045b6ac0-eb03-11e9-99c3-e7d4ca2dd301] - page.customHeaders:  - {}
[INFO  - 2019-10-10T02:09:40.213Z] Session [045b6ac0-eb03-11e9-99c3-e7d4ca2dd301] - Session.negotiatedCapabilities - {"browserName":"phantomjs","version":"2.1.1","driverName":"ghostdriver","driverVersion":"1.2.0","platform":"windows-10-32bit","javascriptEnabled":true,"takesScreenshot":true,"handlesAlerts":false,"databaseEnabled":false,"locationContextEnabled":false,"applicationCacheEnabled":false,"browserConnectionEnabled":false,"cssSelectorsEnabled":true,"webStorageEnabled":false,"rotatable":false,"acceptSslCerts":false,"nativeEvents":true,"proxy":{"proxyType":"direct"}}
[INFO  - 2019-10-10T02:09:40.213Z] SessionManagerReqHand - _postNewSessionCommand - New Session Created: 045b6ac0-eb03-11e9-99c3-e7d4ca2dd301
[INFO  - 2019-10-10T02:09:41.220Z] Session [04ae93d0-eb03-11e9-b232-a7bacade554d] - page.settings - {"XSSAuditingEnabled":false,"javascriptCanCloseWindows":true,"javascriptCanOpenWindows":true,"javascriptEnabled":true,"loadImages":tru[INFO  - 2019-10-10T02:09:41.342Z] Session [0507b050-eb03-11e9-91f4-070a43a2e97e] - page.settings - {"XSSAuditingEnabled":false,"javascriptCanCloseWindows":true,"javascriptCanOpenWindows":true,"javascriptEnabled":true,"loadImages":true,"localToRemoteUrlAccessEnabled":false,"userAgent":"Mozilla/5.0 (Windows NT 6.2; WOW64) AppleWebKit/538.1 (KHTML, like Gecko) PhantomJS/2.1.1 Safari/538.1","webSecurityEnabled":true}
[INFO  - 2019-10-10T02:09:41.342Z] Session [0507b050-eb03-11e9-91f4-070a43a2e97e] - page.customHeaders:  - {}
[INFO  - 2019-10-10T02:09:41.342Z] Session [0507b050-eb03-11e9-91f4-070a43a2e97e] - Session.negotiatedCapabilities - {"browserName":"phantomjs","version":"2.1.1","driverName":"ghostdriver","driverVersion":"1.2.0","platform":"windows-10-32bit","javascriptEnabled":true,"takesScreenshot":true,"handlesAlerts":false,"databaseEnabled":false,"locationContextEnabled":false,"applicationCacheEnabled":false,"browserConnectionEnabled":false,"cssSelectorsEnabled":true,"webStorageEnabled":false,"rotatable":false,"acceptSslCerts":false,"nativeEvents":true,"proxy":{"proxyType":"direct"}}
[INFO  - 2019-10-10T02:09:41.342Z] SessionManagerReqHand - _postNewSessionCommand - New Session Created: 0507b050-eb03-11e9-91f4-070a43a2e97e
NewSessionCommand - New Session Created: 04fb2d30-eb03-11e9-a57b-f32c0ec84dae
[INFO  - 2019-10-10T02:09:41.323Z] GhostDriver - Main - running on port 8981
[INFO  - 2019-10-10T02:09:41.410Z] GhostDriver - Main - running on port 26036
[INFO  - 2019-10-10T02:12:33.634Z] GhostDriver - Main - running on port 53081
[INFO  - 2019-10-10T02:12:34.210Z] Session [6c11dcd0-eb03-11e9-bc80-3971eacc9fcc] - page.settings - {"XSSAuditingEnabled":false,"javascriptCanCloseWindows":true,"javascriptCanOpenWindows":true,"javascriptEnabled":true,"loadImages":true,"localToRemoteUrlAccessEnabled":false,"userAgent":"Mozilla/5.0 (Windows NT 6.2; WOW64) AppleWebKit/538.1 (KHTML, like Gecko) PhantomJS/2.1.1 Safari/538.1","webSecurityEnabled":true}
[INFO  - 2019-10-10T02:12:34.210Z] Session [6c11dcd0-eb03-11e9-bc80-3971eacc9fcc] - page.customHeaders:  - {}
[INFO  - 2019-10-10T02:12:34.210Z] Session [6c11dcd0-eb03-11e9-bc80-3971eacc9fcc] - Session.negotiatedCapabilities - {"browserName":"phantomjs","version":"2.1.1","driverName":"ghostdriver","driverVersion":"1.2.0","platform":"windows-10-32bit","javascriptEnabled":true,"takesScreenshot":true,"handlesAlerts":false,"databaseEnabled":false,"locationContextEnabled":false,"applicationCacheEnabled":false,"browserConnectionEnabled":false,"cssSelectorsEnabled":true,"webStorageEnabled":false,"rotatable":false,"acceptSslCerts":false,"nativeEvents":true,"proxy":{"proxyType":"direct"}}
[INFO  - 2019-10-10T02:12:34.210Z] SessionManagerReqHand - _postNewSessionCommand - New Session Created: 6c11dcd0-eb03-11e9-bc80-3971eacc9fcc
[ERROR - 2019-10-10T02:12:36.067Z] Session [6c11dcd0-eb03-11e9-bc80-3971eacc9fcc] - page.onError - msg: TypeError: undefined is not a constructor (evaluating 'Object.assign(o,t.csdn.sideToolbar)')
[ERROR - 2019-10-10T02:12:36.068Z] Session [6c11dcd0-eb03-11e9-bc80-3971eacc9fcc] - page.onError - stack:
  (anonymous function) (https://g.csdnimg.cn/side-toolbar/1.2/side-toolbar.js:1)
[ERROR - 2019-10-10T02:12:36.413Z] Session [6c11dcd0-eb03-11e9-bc80-3971eacc9fcc] - page.onError - msg: TypeError: undefined is not a constructor (evaluating 'Number.parseInt(feedlist.views)')
[ERROR - 2019-10-10T02:12:36.413Z] Session [6c11dcd0-eb03-11e9-bc80-3971eacc9fcc] - page.onError - stack:
  (anonymous function) (https://blog.csdn.net/js/csdn_feed.min.js?1570601925:1)
  each (https://csdnimg.cn/public/common/libs/jquery/jquery-1.9.1.min.js:3)
  getList (https://blog.csdn.net/js/csdn_feed.min.js?1570601925:1)
  success (https://blog.csdn.net/js/csdn_feed.min.js?1570601925:1)
  c (https://csdnimg.cn/public/common/libs/jquery/jquery-1.9.1.min.js:3)
  fireWith (https://csdnimg.cn/public/common/libs/jquery/jquery-1.9.1.min.js:3)
  k (https://csdnimg.cn/public/common/libs/jquery/jquery-1.9.1.min.js:5)
  r (https://csdnimg.cn/public/common/libs/jquery/jquery-1.9.1.min.js:5)
  n (https://blog.csdn.net/js/tingyun-rum-feed.js?v=20181030:1)
  r (https://blog.csdn.net/js/tingyun-rum-feed.js?v=20181030:1)
